<?xml version="1.0" encoding="UTF-8" ?>
<testsuite errors="0" failures="0" hostname="SSD-PC" name="com.clockwork.scene.GeometryTest" skipped="0" tests="18" time="0.236" timestamp="2017-02-07T22:44:35">
  <properties>
    <property name="netbeans.autoupdate.country" value="GB" />
    <property name="src.jogg.dir" value="src/jogg" />
    <property name="javac.test.classpath" value="E:/NetBeansProjects/clockworkengine/branches/3.0/engine/lib/junit_4/junit-4.5.jar:E:/NetBeansProjects/clockworkengine/branches/3.0/engine/lib/EasyMock/easymock-3.1.jar:E:/NetBeansProjects/clockworkengine/branches/3.0/engine/lib/EasyMock/objenesis-1.3.jar:E:/NetBeansProjects/clockworkengine/branches/3.0/engine/lib/EasyMock/cglib-nodep-2.2.3.jar:E:/NetBeansProjects/clockworkengine/branches/3.0/engine/lib/jogg/j-ogg-oggd.jar:E:/NetBeansProjects/clockworkengine/branches/3.0/engine/lib/jogg/j-ogg-vorbisd.jar:E:/NetBeansProjects/clockworkengine/branches/3.0/engine/lib/jbullet/jbullet.jar:E:/NetBeansProjects/clockworkengine/branches/3.0/engine/lib/jbullet/stack-alloc.jar:E:/NetBeansProjects/clockworkengine/branches/3.0/engine/lib/jbullet/vecmath.jar:E:/NetBeansProjects/clockworkengine/branches/3.0/engine/lib/lwjgl/lwjgl.jar;E:/NetBeansProjects/clockworkengine/branches/3.0/engine/lib/lwjgl/jME3-lwjgl-natives.jar;E:/NetBeansProjects/clockworkengine/branches/3.0/engine/lib/lwjgl/jinput.jar:E:/NetBeansProjects/clockworkengine/branches/3.0/engine/lib/niftygui/eventbus.jar;E:/NetBeansProjects/clockworkengine/branches/3.0/engine/lib/niftygui/nifty-default-controls.jar;E:/NetBeansProjects/clockworkengine/branches/3.0/engine/lib/niftygui/nifty-examples.jar;E:/NetBeansProjects/clockworkengine/branches/3.0/engine/lib/niftygui/nifty-style-black.jar;E:/NetBeansProjects/clockworkengine/branches/3.0/engine/lib/niftygui/nifty.jar;E:/NetBeansProjects/clockworkengine/branches/3.0/engine/lib/niftygui/jglfont-core.jar;E:/NetBeansProjects/clockworkengine/branches/3.0/engine/lib/niftygui/xmlpull-xpp3.jar:E:/NetBeansProjects/clockworkengine/branches/3.0/engine/lib/../test-data/:E:/NetBeansProjects/clockworkengine/branches/3.0/engine/lib/bullet/jME3-bullet-natives.jar:E:/NetBeansProjects/clockworkengine/branches/3.0/engine/lib/jogl/gluegen-rt.jar:E:/NetBeansProjects/clockworkengine/branches/3.0/engine/lib/jogl/joal.jar:E:/NetBeansProjects/clockworkengine/branches/3.0/engine/lib/jogl/jogl-all.jar:E:/NetBeansProjects/clockworkengine/branches/3.0/engine/lib/openal-soft/jME3-openal-soft-natives-android.jar:build/android:build/blender:build/bullet:build/classes:build/core:build/desktop:build/effects:build/empty:build/ios:build/jbullet:build/jogg:build/jogl:build/lwjgl:build/networking:build/niftygui:build/plugins:build/terrain:build/classes" />
    <property name="manifest.custom.codebase" value="" />
    <property name="libs.jbullet.classpath" value="E:/NetBeansProjects/clockworkengine/branches/3.0/engine/lib/jbullet/jbullet.jar:E:/NetBeansProjects/clockworkengine/branches/3.0/engine/lib/jbullet/stack-alloc.jar:E:/NetBeansProjects/clockworkengine/branches/3.0/engine/lib/jbullet/vecmath.jar" />
    <property name="file.reference.build-ios" value="build/ios" />
    <property name="ant.core.lib" value="E:\Program Files\NetBeans 8.2\extide\ant\lib\ant.jar" />
    <property name="manifest.custom.application.library.allowable.codebase" value="" />
    <property name="javadoc.windowtitle" value="clockworkengine" />
    <property name="user.dir" value="E:\NetBeansProjects\clockworkengine\branches\3.0\engine" />
    <property name="java.vm.version" value="25.77-b03" />
    <property name="libs.niftygui1.3.javadoc" value="E:/NetBeansProjects/clockworkengine/branches/3.0/engine/lib/niftygui/nifty-default-controls-javadoc.jar!//;E:/NetBeansProjects/clockworkengine/branches/3.0/engine/lib/niftygui/nifty-examples-javadoc.jar!//" />
    <property name="libs.MySQLDriver.classpath" value="E:\Program Files\NetBeans 8.2\ide\modules\ext\mysql-connector-java-5.1.23-bin.jar" />
    <property name="src.core-data.dir" value="src/core-data" />
    <property name="libs.eclipselinkmodelgen.src" value="" />
    <property name="javadoc.notree" value="false" />
    <property name="netbeans.autoupdate.version" value="1.23" />
    <property name="src.desktop.dir" value="src/desktop" />
    <property name="file.reference.build-android" value="build/android" />
    <property name="test.test.dir" value="test" />
    <property name="project.license" value="mit" />
    <property name="javac.profile.cmd.line.arg" value="" />
    <property name="jdk.home" value="C:\Program Files\Java\jdk1.8.0_77" />
    <property name="libs.javac-api.src" value="" />
    <property name="javadoc.noindex" value="false" />
    <property name="libs.jpa2-persistence.classpath" value="E:\Program Files\NetBeans 8.2\java\modules\ext\hibernate4\hibernate-jpa-2.1-api-1.0.0.Final.jar" />
    <property name="sun.os.patch.level" value="Service Pack 1" />
    <property name="libs.niftygui1.3.classpath" value="E:/NetBeansProjects/clockworkengine/branches/3.0/engine/lib/niftygui/eventbus.jar;E:/NetBeansProjects/clockworkengine/branches/3.0/engine/lib/niftygui/nifty-default-controls.jar;E:/NetBeansProjects/clockworkengine/branches/3.0/engine/lib/niftygui/nifty-examples.jar;E:/NetBeansProjects/clockworkengine/branches/3.0/engine/lib/niftygui/nifty-style-black.jar;E:/NetBeansProjects/clockworkengine/branches/3.0/engine/lib/niftygui/nifty.jar;E:/NetBeansProjects/clockworkengine/branches/3.0/engine/lib/niftygui/jglfont-core.jar;E:/NetBeansProjects/clockworkengine/branches/3.0/engine/lib/niftygui/xmlpull-xpp3.jar" />
    <property name="do.archive+manifest.available" value="true" />
    <property name="libs.EasyMock.src" value="E:/NetBeansProjects/clockworkengine/branches/3.0/engine/lib/EasyMock/easymock-3.1-sources.jar!//:E:/NetBeansProjects/clockworkengine/branches/3.0/engine/lib/EasyMock/objenesis-1.3-sources.jar!//:E:/NetBeansProjects/clockworkengine/branches/3.0/engine/lib/EasyMock/cglib-src-2.2.3.jar!/src/test/" />
    <property name="java.vm.specification.name" value="Java Virtual Machine Specification" />
    <property name="nb.show.statistics.ui" value="usageStatisticsEnabled" />
    <property name="netbeans.autoupdate.variant" value="" />
    <property name="have.tests" value="true" />
    <property name="src.openal-soft-native.dir" value="src\openal-soft-native" />
    <property name="org.xml.sax.driver" value="com.sun.org.apache.xerces.internal.jaxp.SAXParserImpl$JAXPSAXParser" />
    <property name="libs.hamcrest.classpath" value="E:\Program Files\NetBeans 8.2\platform\modules\ext\hamcrest-core-1.3.jar" />
    <property name="libs.javac-api.javadoc" value="" />
    <property name="libs.jme3-test-data.classpath" value="E:/NetBeansProjects/clockworkengine/branches/3.0/engine/lib/../test-data/" />
    <property name="os.name" value="Windows 7" />
    <property name="file.reference.build-core" value="build/core" />
    <property name="src.bullet-native.dir" value="src/bullet-native" />
    <property name="libs.beans-binding.classpath" value="E:\Program Files\NetBeans 8.2\java\modules\ext\beansbinding-1.2.1.jar" />
    <property name="ap.proc.none.internal" value="-proc:none" />
    <property name="src.ogre.dir" value="src/ogre" />
    <property name="libs.JWSAntTasks.maven-pom" value="" />
    <property name="jnlp.signing.keystore" value="" />
    <property name="libs.jogg.classpath" value="E:/NetBeansProjects/clockworkengine/branches/3.0/engine/lib/jogg/j-ogg-oggd.jar:E:/NetBeansProjects/clockworkengine/branches/3.0/engine/lib/jogg/j-ogg-vorbisd.jar" />
    <property name="libs.testng.src" value="" />
    <property name="java.vendor.url.bug" value="http://bugreport.sun.com/bugreport/" />
    <property name="libs.jaxb.maven-pom" value="" />
    <property name="os.arch" value="amd64" />
    <property name="libs.eclipselink.src" value="" />
    <property name="user.name" value="Alex SSD" />
    <property name="copylibs.rebase" value="true" />
    <property name="libs.swing-layout.maven-pom" value="" />
    <property name="sun.java.command" value="org.apache.tools.ant.taskdefs.optional.junit.JUnitTestRunner com.clockwork.scene.GeometryTest skipNonTests=false filtertrace=true haltOnError=false haltOnFailure=false showoutput=true outputtoformatters=true logfailedtests=true threadid=0 logtestlistenerevents=true formatter=org.apache.tools.ant.taskdefs.optional.junit.BriefJUnitResultFormatter formatter=org.apache.tools.ant.taskdefs.optional.junit.XMLJUnitResultFormatter,E:\NetBeansProjects\clockworkengine\branches\3.0\engine\build\test\results\TEST-com.clockwork.scene.GeometryTest.xml crashfile=E:\NetBeansProjects\clockworkengine\branches\3.0\engine\build\junitvmwatcher1761254806771221834.properties propsfile=E:\NetBeansProjects\clockworkengine\branches\3.0\engine\build\junit6500410825079949827.properties" />
    <property name="build.classes.dir" value="build/classes" />
    <property name="netbeans.accept_license_class" value="org.netbeans.license.AcceptLicense" />
    <property name="jnlp.descriptor" value="application" />
    <property name="build.sysclasspath" value="ignore" />
    <property name="manifest.encoding" value="UTF-8" />
    <property name="ap.supported.internal" value="true" />
    <property name="java.failonerror" value="true" />
    <property name="file.reference.build-blender" value="build/blender" />
    <property name="libs.jaxws21.javadoc" value="E:\Program Files\NetBeans 8.2\java\docs\jaxws-api-doc.zip" />
    <property name="includes" value="**" />
    <property name="user.country" value="GB" />
    <property name="manifest.file" value="MANIFEST.MF" />
    <property name="javadoc.encoding" value="UTF-8" />
    <property name="javac.classpath" value="E:/NetBeansProjects/clockworkengine/branches/3.0/engine/lib/jogg/j-ogg-oggd.jar:E:/NetBeansProjects/clockworkengine/branches/3.0/engine/lib/jogg/j-ogg-vorbisd.jar:E:/NetBeansProjects/clockworkengine/branches/3.0/engine/lib/jbullet/jbullet.jar:E:/NetBeansProjects/clockworkengine/branches/3.0/engine/lib/jbullet/stack-alloc.jar:E:/NetBeansProjects/clockworkengine/branches/3.0/engine/lib/jbullet/vecmath.jar:E:/NetBeansProjects/clockworkengine/branches/3.0/engine/lib/lwjgl/lwjgl.jar;E:/NetBeansProjects/clockworkengine/branches/3.0/engine/lib/lwjgl/jME3-lwjgl-natives.jar;E:/NetBeansProjects/clockworkengine/branches/3.0/engine/lib/lwjgl/jinput.jar:E:/NetBeansProjects/clockworkengine/branches/3.0/engine/lib/niftygui/eventbus.jar;E:/NetBeansProjects/clockworkengine/branches/3.0/engine/lib/niftygui/nifty-default-controls.jar;E:/NetBeansProjects/clockworkengine/branches/3.0/engine/lib/niftygui/nifty-examples.jar;E:/NetBeansProjects/clockworkengine/branches/3.0/engine/lib/niftygui/nifty-style-black.jar;E:/NetBeansProjects/clockworkengine/branches/3.0/engine/lib/niftygui/nifty.jar;E:/NetBeansProjects/clockworkengine/branches/3.0/engine/lib/niftygui/jglfont-core.jar;E:/NetBeansProjects/clockworkengine/branches/3.0/engine/lib/niftygui/xmlpull-xpp3.jar:E:/NetBeansProjects/clockworkengine/branches/3.0/engine/lib/../test-data/:E:/NetBeansProjects/clockworkengine/branches/3.0/engine/lib/bullet/jME3-bullet-natives.jar:E:/NetBeansProjects/clockworkengine/branches/3.0/engine/lib/jogl/gluegen-rt.jar:E:/NetBeansProjects/clockworkengine/branches/3.0/engine/lib/jogl/joal.jar:E:/NetBeansProjects/clockworkengine/branches/3.0/engine/lib/jogl/jogl-all.jar:E:/NetBeansProjects/clockworkengine/branches/3.0/engine/lib/openal-soft/jME3-openal-soft-natives-android.jar" />
    <property name="libs.spring-framework400.classpath" value="E:\Program Files\NetBeans 8.2\ide\modules\org-apache-commons-logging.jar;E:\Program Files\NetBeans 8.2\java\modules\ext\cglib-2.2.jar;E:\Program Files\NetBeans 8.2\java\modules\ext\spring-4\spring-aop-4.0.1.RELEASE.jar;E:\Program Files\NetBeans 8.2\java\modules\ext\spring-4\spring-aspects-4.0.1.RELEASE.jar;E:\Program Files\NetBeans 8.2\java\modules\ext\spring-4\spring-beans-4.0.1.RELEASE.jar;E:\Program Files\NetBeans 8.2\java\modules\ext\spring-4\spring-build-src-4.0.1.RELEASE.jar;E:\Program Files\NetBeans 8.2\java\modules\ext\spring-4\spring-context-4.0.1.RELEASE.jar;E:\Program Files\NetBeans 8.2\java\modules\ext\spring-4\spring-context-support-4.0.1.RELEASE.jar;E:\Program Files\NetBeans 8.2\java\modules\ext\spring-4\spring-core-4.0.1.RELEASE.jar;E:\Program Files\NetBeans 8.2\java\modules\ext\spring-4\spring-expression-4.0.1.RELEASE.jar;E:\Program Files\NetBeans 8.2\java\modules\ext\spring-4\spring-framework-bom-4.0.1.RELEASE.jar;E:\Program Files\NetBeans 8.2\java\modules\ext\spring-4\spring-instrument-4.0.1.RELEASE.jar;E:\Program Files\NetBeans 8.2\java\modules\ext\spring-4\spring-instrument-tomcat-4.0.1.RELEASE.jar;E:\Program Files\NetBeans 8.2\java\modules\ext\spring-4\spring-jdbc-4.0.1.RELEASE.jar;E:\Program Files\NetBeans 8.2\java\modules\ext\spring-4\spring-jms-4.0.1.RELEASE.jar;E:\Program Files\NetBeans 8.2\java\modules\ext\spring-4\spring-messaging-4.0.1.RELEASE.jar;E:\Program Files\NetBeans 8.2\java\modules\ext\spring-4\spring-orm-4.0.1.RELEASE.jar;E:\Program Files\NetBeans 8.2\java\modules\ext\spring-4\spring-oxm-4.0.1.RELEASE.jar;E:\Program Files\NetBeans 8.2\java\modules\ext\spring-4\spring-test-4.0.1.RELEASE.jar;E:\Program Files\NetBeans 8.2\java\modules\ext\spring-4\spring-tx-4.0.1.RELEASE.jar;E:\Program Files\NetBeans 8.2\java\modules\ext\spring-4\spring-web-4.0.1.RELEASE.jar;E:\Program Files\NetBeans 8.2\java\modules\ext\spring-4\spring-webmvc-4.0.1.RELEASE.jar;E:\Program Files\NetBeans 8.2\java\modules\ext\spring-4\spring-webmvc-portlet-4.0.1.RELEASE.jar;E:\Program Files\NetBeans 8.2\java\modules\ext\spring-4\spring-websocket-4.0.1.RELEASE.jar" />
    <property name="debug-transport" value="dt_shmem" />
    <property name="libs.noise.classpath" value="E:/NetBeansProjects/clockworkengine/branches/3.0/engine/lib/noise/noise-0.0.1-SNAPSHOT.jar" />
    <property name="netbeans.home" value="E:\Program Files\NetBeans 8.2\platform" />
    <property name="libs.EasyMock.javadoc" value="E:/NetBeansProjects/clockworkengine/branches/3.0/engine/lib/EasyMock/easymock-3.1-javadoc.jar!//:E:/NetBeansProjects/clockworkengine/branches/3.0/engine/lib/EasyMock/objenesis-1.3-javadoc.jar!//" />
    <property name="build.compiler.emacs" value="true" />
    <property name="java.endorsed.dirs" value="C:\Program Files\Java\jdk1.8.0_77\jre\lib\endorsed" />
    <property name="netbeans.dynamic.classpath" value="E:\Program Files\NetBeans 8.2\platform\core\asm-all-5.0.1.jar;E:\Program Files\NetBeans 8.2\platform\core\core-base.jar;E:\Program Files\NetBeans 8.2\platform\core\core.jar;E:\Program Files\NetBeans 8.2\platform\core\org-netbeans-libs-asm.jar;E:\Program Files\NetBeans 8.2\platform\core\org-openide-filesystems-compat8.jar;E:\Program Files\NetBeans 8.2\platform\core\org-openide-filesystems.jar;E:\Program Files\NetBeans 8.2\platform\core\locale\core-base_ja.jar;E:\Program Files\NetBeans 8.2\platform\core\locale\core-base_pt_BR.jar;E:\Program Files\NetBeans 8.2\platform\core\locale\core-base_ru.jar;E:\Program Files\NetBeans 8.2\platform\core\locale\core-base_zh_CN.jar;E:\Program Files\NetBeans 8.2\platform\core\locale\core_ja.jar;E:\Program Files\NetBeans 8.2\platform\core\locale\core_pt_BR.jar;E:\Program Files\NetBeans 8.2\platform\core\locale\core_ru.jar;E:\Program Files\NetBeans 8.2\platform\core\locale\core_zh_CN.jar;E:\Program Files\NetBeans 8.2\platform\core\locale\org-netbeans-libs-asm_ja.jar;E:\Program Files\NetBeans 8.2\platform\core\locale\org-netbeans-libs-asm_pt_BR.jar;E:\Program Files\NetBeans 8.2\platform\core\locale\org-netbeans-libs-asm_ru.jar;E:\Program Files\NetBeans 8.2\platform\core\locale\org-netbeans-libs-asm_zh_CN.jar;E:\Program Files\NetBeans 8.2\platform\core\locale\org-openide-filesystems-compat8_ja.jar;E:\Program Files\NetBeans 8.2\platform\core\locale\org-openide-filesystems-compat8_pt_BR.jar;E:\Program Files\NetBeans 8.2\platform\core\locale\org-openide-filesystems-compat8_ru.jar;E:\Program Files\NetBeans 8.2\platform\core\locale\org-openide-filesystems-compat8_zh_CN.jar;E:\Program Files\NetBeans 8.2\platform\core\locale\org-openide-filesystems_ja.jar;E:\Program Files\NetBeans 8.2\platform\core\locale\org-openide-filesystems_pt_BR.jar;E:\Program Files\NetBeans 8.2\platform\core\locale\org-openide-filesystems_ru.jar;E:\Program Files\NetBeans 8.2\platform\core\locale\org-openide-filesystems_zh_CN.jar;E:\Program Files\NetBeans 8.2\nb\core\org-netbeans-upgrader.jar;E:\Program Files\NetBeans 8.2\nb\core\locale\core_nb.jar;E:\Program Files\NetBeans 8.2\nb\core\locale\core_nb_ja.jar;E:\Program Files\NetBeans 8.2\nb\core\locale\core_nb_pt_BR.jar;E:\Program Files\NetBeans 8.2\nb\core\locale\core_nb_ru.jar;E:\Program Files\NetBeans 8.2\nb\core\locale\core_nb_zh_CN.jar;E:\Program Files\NetBeans 8.2\nb\core\locale\org-netbeans-upgrader_ja.jar;E:\Program Files\NetBeans 8.2\nb\core\locale\org-netbeans-upgrader_pt_BR.jar;E:\Program Files\NetBeans 8.2\nb\core\locale\org-netbeans-upgrader_ru.jar;E:\Program Files\NetBeans 8.2\nb\core\locale\org-netbeans-upgrader_zh_CN.jar" />
    <property name="jnlp.enabled" value="false" />
    <property name="java.vm.specification.version" value="1.8" />
    <property name="libs.hibernate4-support.src" value="" />
    <property name="ant.file.jnlp-impl" value="E:\NetBeansProjects\clockworkengine\branches\3.0\engine\nbproject\jnlp-impl.xml" />
    <property name="libs.jogl2.classpath" value="E:/NetBeansProjects/clockworkengine/branches/3.0/engine/lib/jogl/gluegen-rt.jar:E:/NetBeansProjects/clockworkengine/branches/3.0/engine/lib/jogl/joal.jar:E:/NetBeansProjects/clockworkengine/branches/3.0/engine/lib/jogl/jogl-all.jar" />
    <property name="netbeans.productversion" value="NetBeans IDE 8.2 (Build 201609300101)" />
    <property name="libs.jaxws21.src" value="" />
    <property name="application.title" value="Clockwork Engine 1.0" />
    <property name="do.archive" value="true" />
    <property name="file.reference.build-effects" value="build/effects" />
    <property name="netbeans.autoupdate.language" value="en" />
    <property name="java.vendor" value="Oracle Corporation" />
    <property name="jar.index.metainf" value="false" />
    <property name="javac.debug" value="true" />
    <property name="javadoc.splitindex" value="true" />
    <property name="file.separator" value="\" />
    <property name="src.test.dir" value="src/test" />
    <property name="libs.junit_4.maven-pom" value="" />
    <property name="mkdist.disabled" value="false" />
    <property name="javac.test.processorpath" value="E:/NetBeansProjects/clockworkengine/branches/3.0/engine/lib/junit_4/junit-4.5.jar:E:/NetBeansProjects/clockworkengine/branches/3.0/engine/lib/EasyMock/easymock-3.1.jar:E:/NetBeansProjects/clockworkengine/branches/3.0/engine/lib/EasyMock/objenesis-1.3.jar:E:/NetBeansProjects/clockworkengine/branches/3.0/engine/lib/EasyMock/cglib-nodep-2.2.3.jar:E:/NetBeansProjects/clockworkengine/branches/3.0/engine/lib/jogg/j-ogg-oggd.jar:E:/NetBeansProjects/clockworkengine/branches/3.0/engine/lib/jogg/j-ogg-vorbisd.jar:E:/NetBeansProjects/clockworkengine/branches/3.0/engine/lib/jbullet/jbullet.jar:E:/NetBeansProjects/clockworkengine/branches/3.0/engine/lib/jbullet/stack-alloc.jar:E:/NetBeansProjects/clockworkengine/branches/3.0/engine/lib/jbullet/vecmath.jar:E:/NetBeansProjects/clockworkengine/branches/3.0/engine/lib/lwjgl/lwjgl.jar;E:/NetBeansProjects/clockworkengine/branches/3.0/engine/lib/lwjgl/jME3-lwjgl-natives.jar;E:/NetBeansProjects/clockworkengine/branches/3.0/engine/lib/lwjgl/jinput.jar:E:/NetBeansProjects/clockworkengine/branches/3.0/engine/lib/niftygui/eventbus.jar;E:/NetBeansProjects/clockworkengine/branches/3.0/engine/lib/niftygui/nifty-default-controls.jar;E:/NetBeansProjects/clockworkengine/branches/3.0/engine/lib/niftygui/nifty-examples.jar;E:/NetBeansProjects/clockworkengine/branches/3.0/engine/lib/niftygui/nifty-style-black.jar;E:/NetBeansProjects/clockworkengine/branches/3.0/engine/lib/niftygui/nifty.jar;E:/NetBeansProjects/clockworkengine/branches/3.0/engine/lib/niftygui/jglfont-core.jar;E:/NetBeansProjects/clockworkengine/branches/3.0/engine/lib/niftygui/xmlpull-xpp3.jar:E:/NetBeansProjects/clockworkengine/branches/3.0/engine/lib/../test-data/:E:/NetBeansProjects/clockworkengine/branches/3.0/engine/lib/bullet/jME3-bullet-natives.jar:E:/NetBeansProjects/clockworkengine/branches/3.0/engine/lib/jogl/gluegen-rt.jar:E:/NetBeansProjects/clockworkengine/branches/3.0/engine/lib/jogl/joal.jar:E:/NetBeansProjects/clockworkengine/branches/3.0/engine/lib/jogl/jogl-all.jar:E:/NetBeansProjects/clockworkengine/branches/3.0/engine/lib/openal-soft/jME3-openal-soft-natives-android.jar:build/android:build/blender:build/bullet:build/classes:build/core:build/desktop:build/effects:build/empty:build/ios:build/jbullet:build/jogg:build/jogl:build/lwjgl:build/networking:build/niftygui:build/plugins:build/terrain:build/classes" />
    <property name="netbeans.buildnumber" value="201609300101" />
    <property name="libs.JWSAntTasks.javadoc" value="" />
    <property name="build.generated.sources.dir" value="build/generated-sources" />
    <property name="user.variant" value="" />
    <property name="libs.eclipselinkmodelgen.classpath" value="E:\Program Files\NetBeans 8.2\java\modules\ext\eclipselink\org.eclipse.persistence.jpa.modelgen_2.5.2.v20140319-9ad6abd.jar" />
    <property name="platforms.JDK_1.8_USBDRIVE.bootclasspath" value="F:\NetBeans 8.2\jdk1.8.0_77\jre\lib\resources.jar;F:\NetBeans 8.2\jdk1.8.0_77\jre\lib\rt.jar;F:\NetBeans 8.2\jdk1.8.0_77\jre\lib\sunrsasign.jar;F:\NetBeans 8.2\jdk1.8.0_77\jre\lib\jsse.jar;F:\NetBeans 8.2\jdk1.8.0_77\jre\lib\jce.jar;F:\NetBeans 8.2\jdk1.8.0_77\jre\lib\charsets.jar;F:\NetBeans 8.2\jdk1.8.0_77\jre\lib\jfr.jar;F:\NetBeans 8.2\jdk1.8.0_77\jre\classes;F:\NetBeans 8.2\jdk1.8.0_77\jre\lib\ext\access-bridge-64.jar;F:\NetBeans 8.2\jdk1.8.0_77\jre\lib\ext\cldrdata.jar;F:\NetBeans 8.2\jdk1.8.0_77\jre\lib\ext\dnsns.jar;F:\NetBeans 8.2\jdk1.8.0_77\jre\lib\ext\jaccess.jar;F:\NetBeans 8.2\jdk1.8.0_77\jre\lib\ext\jfxrt.jar;F:\NetBeans 8.2\jdk1.8.0_77\jre\lib\ext\localedata.jar;F:\NetBeans 8.2\jdk1.8.0_77\jre\lib\ext\nashorn.jar;F:\NetBeans 8.2\jdk1.8.0_77\jre\lib\ext\sunec.jar;F:\NetBeans 8.2\jdk1.8.0_77\jre\lib\ext\sunjce_provider.jar;F:\NetBeans 8.2\jdk1.8.0_77\jre\lib\ext\sunmscapi.jar;F:\NetBeans 8.2\jdk1.8.0_77\jre\lib\ext\sunpkcs11.jar;F:\NetBeans 8.2\jdk1.8.0_77\jre\lib\ext\zipfs.jar" />
    <property name="sun.java.launcher" value="SUN_STANDARD" />
    <property name="libs.hibernate4-persistencemodelgen.javadoc" value="" />
    <property name="libs.jaxb.javadoc" value="E:\Program Files\NetBeans 8.2\ide\docs\jaxb-api-doc.zip" />
    <property name="org.openide.awt.SwingBrowserImpl.do-not-block-awt" value="false" />
    <property name="ant.home" value="E:\Program Files\NetBeans 8.2\extide\ant" />
    <property name="libs.junit_4.src" value="E:/NetBeansProjects/clockworkengine/branches/3.0/engine/lib/junit_4/junit-4.5-src.jar" />
    <property name="libs.testng.classpath" value="E:\Program Files\NetBeans 8.2\platform\modules\ext\testng-6.8.1-dist.jar" />
    <property name="libs.absolutelayout.maven-pom" value="" />
    <property name="ant.java.version" value="1.8" />
    <property name="java.library.path" value="C:\Program Files\Java\jdk1.8.0_77\jre\bin;C:\Windows\Sun\Java\bin;C:\Windows\system32;C:\Windows;C:\Program Files (x86)\Razer Chroma SDK\bin;C:\Program Files\Razer Chroma SDK\bin;C:\Program Files (x86)\Google\Chrome\Application;C:\Program Files\ImageMagick-7.0.1-Q16;C:\ProgramData\Oracle\Java\javapath;C:\Program Files\Common Files\Microsoft Shared\Windows Live;C:\Program Files (x86)\Common Files\Microsoft Shared\Windows Live;C:\Windows\system32;C:\Windows;C:\Windows\System32\Wbem;C:\Windows\System32\WindowsPowerShell\v1.0\;C:\Program Files (x86)\NVIDIA Corporation\PhysX\Common;C:\Program Files (x86)\Windows Live\Shared;C:\Program Files (x86)\GtkSharp\2.12\bin;." />
    <property name="javadoc.author" value="false" />
    <property name="java.util.logging.config.class" value="org.netbeans.core.startup.TopLogging" />
    <property name="libs.spring-framework400.src" value="" />
    <property name="libs.PostgreSQLDriver.src" value="" />
    <property name="file.reference.build-empty" value="build/empty" />
    <property name="sun.arch.data.model" value="64" />
    <property name="basedir" value="E:\NetBeansProjects\clockworkengine\branches\3.0\engine" />
    <property name="libs.jpa20-persistence.maven-pom" value="" />
    <property name="jar.compress" value="true" />
    <property name="platforms.JDK_1.8_USBDRIVE.compiler" value="modern" />
    <property name="path.separator" value=";" />
    <property name="jnlp.applet.width" value="300" />
    <property name="ant.junit.enabletestlistenerevents" value="true" />
    <property name="sun.io.unicode.encoding" value="UnicodeLittle" />
    <property name="libs.jaxws21.classpath" value="E:\Program Files\NetBeans 8.2\ide\modules\ext\jaxb\jaxb-impl.jar;E:\Program Files\NetBeans 8.2\ide\modules\ext\jaxb\jaxb-xjc.jar;E:\Program Files\NetBeans 8.2\java\modules\ext\jaxws22\FastInfoset.jar;E:\Program Files\NetBeans 8.2\java\modules\ext\jaxws22\gmbal-api-only.jar;E:\Program Files\NetBeans 8.2\java\modules\ext\jaxws22\ha-api.jar;E:\Program Files\NetBeans 8.2\java\modules\ext\jaxws22\javax.mail_1.4.jar;E:\Program Files\NetBeans 8.2\java\modules\ext\jaxws22\jaxws-rt.jar;E:\Program Files\NetBeans 8.2\java\modules\ext\jaxws22\jaxws-tools.jar;E:\Program Files\NetBeans 8.2\java\modules\ext\jaxws22\management-api.jar;E:\Program Files\NetBeans 8.2\java\modules\ext\jaxws22\mimepull.jar;E:\Program Files\NetBeans 8.2\java\modules\ext\jaxws22\policy.jar;E:\Program Files\NetBeans 8.2\java\modules\ext\jaxws22\saaj-impl.jar;E:\Program Files\NetBeans 8.2\java\modules\ext\jaxws22\stax-ex.jar;E:\Program Files\NetBeans 8.2\java\modules\ext\jaxws22\stax2-api.jar;E:\Program Files\NetBeans 8.2\java\modules\ext\jaxws22\streambuffer.jar;E:\Program Files\NetBeans 8.2\java\modules\ext\jaxws22\woodstox-core-asl.jar;E:\Program Files\NetBeans 8.2\java\modules\ext\jaxws22\api\jaxws-api.jar;E:\Program Files\NetBeans 8.2\java\modules\ext\jaxws22\api\jsr181-api.jar;E:\Program Files\NetBeans 8.2\java\modules\ext\jaxws22\api\javax.annotation.jar;E:\Program Files\NetBeans 8.2\java\modules\ext\jaxws22\api\saaj-api.jar;E:\Program Files\NetBeans 8.2\ide\modules\ext\jaxb\activation.jar;E:\Program Files\NetBeans 8.2\ide\modules\ext\jaxb\api\jaxb-api.jar;E:\Program Files\NetBeans 8.2\ide\modules\ext\jaxb\api\jsr173_1.0_api.jar" />
    <property name="libs.android.classpath" value="E:/NetBeansProjects/clockworkengine/branches/3.0/engine/lib/android/android.jar" />
    <property name="compile.on.save" value="false" />
    <property name="file.reference.build-classes" value="build/classes" />
    <property name="apple.awt.graphics.UseQuartz" value="true" />
    <property name="user.language" value="en" />
    <property name="testng.mode" value="testng" />
    <property name="src.core.dir" value="src/core" />
    <property name="libs.JAXB-ENDORSED.maven-pom" value="" />
    <property name="libs.eclipselink.maven-pom" value="" />
    <property name="application.vendor" value="" />
    <property name="test.binaryincludes" value="&lt;nothing&gt;" />
    <property name="src.tools.dir" value="src/tools" />
    <property name="manifest.available" value="true" />
    <property name="jnlp.icon" value="" />
    <property name="libs.spring-framework300.maven-pom" value="" />
    <property name="run.test.classpath" value="E:/NetBeansProjects/clockworkengine/branches/3.0/engine/lib/junit_4/junit-4.5.jar:E:/NetBeansProjects/clockworkengine/branches/3.0/engine/lib/EasyMock/easymock-3.1.jar:E:/NetBeansProjects/clockworkengine/branches/3.0/engine/lib/EasyMock/objenesis-1.3.jar:E:/NetBeansProjects/clockworkengine/branches/3.0/engine/lib/EasyMock/cglib-nodep-2.2.3.jar:E:/NetBeansProjects/clockworkengine/branches/3.0/engine/lib/jogg/j-ogg-oggd.jar:E:/NetBeansProjects/clockworkengine/branches/3.0/engine/lib/jogg/j-ogg-vorbisd.jar:E:/NetBeansProjects/clockworkengine/branches/3.0/engine/lib/jbullet/jbullet.jar:E:/NetBeansProjects/clockworkengine/branches/3.0/engine/lib/jbullet/stack-alloc.jar:E:/NetBeansProjects/clockworkengine/branches/3.0/engine/lib/jbullet/vecmath.jar:E:/NetBeansProjects/clockworkengine/branches/3.0/engine/lib/lwjgl/lwjgl.jar;E:/NetBeansProjects/clockworkengine/branches/3.0/engine/lib/lwjgl/jME3-lwjgl-natives.jar;E:/NetBeansProjects/clockworkengine/branches/3.0/engine/lib/lwjgl/jinput.jar:E:/NetBeansProjects/clockworkengine/branches/3.0/engine/lib/niftygui/eventbus.jar;E:/NetBeansProjects/clockworkengine/branches/3.0/engine/lib/niftygui/nifty-default-controls.jar;E:/NetBeansProjects/clockworkengine/branches/3.0/engine/lib/niftygui/nifty-examples.jar;E:/NetBeansProjects/clockworkengine/branches/3.0/engine/lib/niftygui/nifty-style-black.jar;E:/NetBeansProjects/clockworkengine/branches/3.0/engine/lib/niftygui/nifty.jar;E:/NetBeansProjects/clockworkengine/branches/3.0/engine/lib/niftygui/jglfont-core.jar;E:/NetBeansProjects/clockworkengine/branches/3.0/engine/lib/niftygui/xmlpull-xpp3.jar:E:/NetBeansProjects/clockworkengine/branches/3.0/engine/lib/../test-data/:E:/NetBeansProjects/clockworkengine/branches/3.0/engine/lib/bullet/jME3-bullet-natives.jar:E:/NetBeansProjects/clockworkengine/branches/3.0/engine/lib/jogl/gluegen-rt.jar:E:/NetBeansProjects/clockworkengine/branches/3.0/engine/lib/jogl/joal.jar:E:/NetBeansProjects/clockworkengine/branches/3.0/engine/lib/jogl/jogl-all.jar:E:/NetBeansProjects/clockworkengine/branches/3.0/engine/lib/openal-soft/jME3-openal-soft-natives-android.jar:build/android:build/blender:build/bullet:build/classes:build/core:build/desktop:build/effects:build/empty:build/ios:build/jbullet:build/jogg:build/jogl:build/lwjgl:build/networking:build/niftygui:build/plugins:build/terrain:build/classes:build/test/classes" />
    <property name="ant.project.invoked-targets" value="test" />
    <property name="test.binaryexcludes" value="" />
    <property name="libs.swing-layout.javadoc" value="E:/NetBeansProjects/clockworkengine/branches/3.0/engine/lib/swing-layout/swing-layout-1.0.4-doc.zip" />
    <property name="sun.java2d.dpiaware" value="true" />
    <property name="libs.hibernate4-persistence.maven-pom" value="" />
    <property name="https.nonProxyHosts" value="localhost|127.0.0.1|SSD-PC" />
    <property name="libs.PostgreSQLDriver.maven-pom" value="" />
    <property name="java.class.version" value="52.0" />
    <property name="libs.hibernate4-persistencemodelgen.maven-pom" value="" />
    <property name="libs.lwjgl.src" value="E:/NetBeansProjects/clockworkengine/branches/3.0/engine/lib/../../Libraries/LWJGL2.7.1/src/" />
    <property name="libs.eclipselink.javadoc" value="E:\Program Files\NetBeans 8.2\java\modules\ext\docs\javax.persistence-2.1.0-doc.zip" />
    <property name="ant.customtasks.libs" value="JWSAntTasks" />
    <property name="user.properties.file" value="C:\Users\Alex SSD\AppData\Roaming\NetBeans\8.2\build.properties" />
    <property name="src.jbullet.dir" value="src/jbullet" />
    <property name="runtime.encoding" value="UTF-8" />
    <property name="libs.javac-api.maven-pom" value="" />
    <property name="file.encoding.pkg" value="sun.io" />
    <property name="sun.cpu.endian" value="little" />
    <property name="libs.JAXB-ENDORSED.javadoc" value="" />
    <property name="libs.JWSAntTasks.classpath" value="E:/NetBeansProjects/clockworkengine/branches/3.0/engine/lib/JWSAntTasks/org-netbeans-modules-javawebstart-anttasks.jar" />
    <property name="libs.spring-framework300.src" value="" />
    <property name="empty.dir" value="E:\NetBeansProjects\clockworkengine\branches\3.0\engine\build\empty" />
    <property name="libs.bullet.classpath" value="E:/NetBeansProjects/clockworkengine/branches/3.0/engine/lib/bullet/jME3-bullet-natives.jar" />
    <property name="ant.file.type.jnlp-impl" value="file" />
    <property name="libs.EasyMock.displayName" value="EasyMock" />
    <property name="version-output" value="java version &quot;1.8" />
    <property name="test.binarytestincludes" value="" />
    <property name="libs.hibernate4-persistencemodelgen.src" value="" />
    <property name="jnlp.applet.height" value="300" />
    <property name="javadoc.preview" value="true" />
    <property name="libs.jpa20-persistence.javadoc" value="E:\Program Files\NetBeans 8.2\java\modules\ext\docs\javax.persistence-2.1.0-doc.zip" />
    <property name="nbplatform.default.harness.dir" value="E:\Program Files\NetBeans 8.2/harness" />
    <property name="java.home" value="C:\Program Files\Java\jdk1.8.0_77\jre" />
    <property name="debug.test.classpath" value="E:/NetBeansProjects/clockworkengine/branches/3.0/engine/lib/junit_4/junit-4.5.jar:E:/NetBeansProjects/clockworkengine/branches/3.0/engine/lib/EasyMock/easymock-3.1.jar:E:/NetBeansProjects/clockworkengine/branches/3.0/engine/lib/EasyMock/objenesis-1.3.jar:E:/NetBeansProjects/clockworkengine/branches/3.0/engine/lib/EasyMock/cglib-nodep-2.2.3.jar:E:/NetBeansProjects/clockworkengine/branches/3.0/engine/lib/jogg/j-ogg-oggd.jar:E:/NetBeansProjects/clockworkengine/branches/3.0/engine/lib/jogg/j-ogg-vorbisd.jar:E:/NetBeansProjects/clockworkengine/branches/3.0/engine/lib/jbullet/jbullet.jar:E:/NetBeansProjects/clockworkengine/branches/3.0/engine/lib/jbullet/stack-alloc.jar:E:/NetBeansProjects/clockworkengine/branches/3.0/engine/lib/jbullet/vecmath.jar:E:/NetBeansProjects/clockworkengine/branches/3.0/engine/lib/lwjgl/lwjgl.jar;E:/NetBeansProjects/clockworkengine/branches/3.0/engine/lib/lwjgl/jME3-lwjgl-natives.jar;E:/NetBeansProjects/clockworkengine/branches/3.0/engine/lib/lwjgl/jinput.jar:E:/NetBeansProjects/clockworkengine/branches/3.0/engine/lib/niftygui/eventbus.jar;E:/NetBeansProjects/clockworkengine/branches/3.0/engine/lib/niftygui/nifty-default-controls.jar;E:/NetBeansProjects/clockworkengine/branches/3.0/engine/lib/niftygui/nifty-examples.jar;E:/NetBeansProjects/clockworkengine/branches/3.0/engine/lib/niftygui/nifty-style-black.jar;E:/NetBeansProjects/clockworkengine/branches/3.0/engine/lib/niftygui/nifty.jar;E:/NetBeansProjects/clockworkengine/branches/3.0/engine/lib/niftygui/jglfont-core.jar;E:/NetBeansProjects/clockworkengine/branches/3.0/engine/lib/niftygui/xmlpull-xpp3.jar:E:/NetBeansProjects/clockworkengine/branches/3.0/engine/lib/../test-data/:E:/NetBeansProjects/clockworkengine/branches/3.0/engine/lib/bullet/jME3-bullet-natives.jar:E:/NetBeansProjects/clockworkengine/branches/3.0/engine/lib/jogl/gluegen-rt.jar:E:/NetBeansProjects/clockworkengine/branches/3.0/engine/lib/jogl/joal.jar:E:/NetBeansProjects/clockworkengine/branches/3.0/engine/lib/jogl/jogl-all.jar:E:/NetBeansProjects/clockworkengine/branches/3.0/engine/lib/openal-soft/jME3-openal-soft-natives-android.jar:build/android:build/blender:build/bullet:build/classes:build/core:build/desktop:build/effects:build/empty:build/ios:build/jbullet:build/jogg:build/jogl:build/lwjgl:build/networking:build/niftygui:build/plugins:build/terrain:build/classes:build/test/classes" />
    <property name="netbeans.importclass" value="org.netbeans.upgrade.AutoUpgrade" />
    <property name="file.reference.build-plugins" value="build/plugins" />
    <property name="ant.project.default-target" value="default" />
    <property name="annotation.processing.run.all.processors" value="true" />
    <property name="jnlp.file.name.default" value="launch.jnlp" />
    <property name="jar.archive.disabled" value="false" />
    <property name="jnlp.signing.alias" value="engine" />
    <property name="libs.PostgreSQLDriver.javadoc" value="" />
    <property name="libs.MySQLDriver.maven-pom" value="" />
    <property name="libraries.dir.nativedirsep" value="E:\NetBeansProjects\clockworkengine\branches\3.0\engine\lib" />
    <property name="src.networking.dir" value="src\networking" />
    <property name="libs.hibernate4-persistence.javadoc" value="E:\Program Files\NetBeans 8.2\java\modules\ext\docs\javax.persistence-2.1.0-doc.zip" />
    <property name="http.nonProxyHosts" value="localhost|127.0.0.1|SSD-PC" />
    <property name="file.reference.build-lwjgl" value="build/lwjgl" />
    <property name="libs.junit_4.javadoc" value="E:/NetBeansProjects/clockworkengine/branches/3.0/engine/lib/junit_4/junit-4.5-api.zip" />
    <property name="run.classpath" value="E:/NetBeansProjects/clockworkengine/branches/3.0/engine/lib/jogg/j-ogg-oggd.jar:E:/NetBeansProjects/clockworkengine/branches/3.0/engine/lib/jogg/j-ogg-vorbisd.jar:E:/NetBeansProjects/clockworkengine/branches/3.0/engine/lib/jbullet/jbullet.jar:E:/NetBeansProjects/clockworkengine/branches/3.0/engine/lib/jbullet/stack-alloc.jar:E:/NetBeansProjects/clockworkengine/branches/3.0/engine/lib/jbullet/vecmath.jar:E:/NetBeansProjects/clockworkengine/branches/3.0/engine/lib/lwjgl/lwjgl.jar;E:/NetBeansProjects/clockworkengine/branches/3.0/engine/lib/lwjgl/jME3-lwjgl-natives.jar;E:/NetBeansProjects/clockworkengine/branches/3.0/engine/lib/lwjgl/jinput.jar:E:/NetBeansProjects/clockworkengine/branches/3.0/engine/lib/niftygui/eventbus.jar;E:/NetBeansProjects/clockworkengine/branches/3.0/engine/lib/niftygui/nifty-default-controls.jar;E:/NetBeansProjects/clockworkengine/branches/3.0/engine/lib/niftygui/nifty-examples.jar;E:/NetBeansProjects/clockworkengine/branches/3.0/engine/lib/niftygui/nifty-style-black.jar;E:/NetBeansProjects/clockworkengine/branches/3.0/engine/lib/niftygui/nifty.jar;E:/NetBeansProjects/clockworkengine/branches/3.0/engine/lib/niftygui/jglfont-core.jar;E:/NetBeansProjects/clockworkengine/branches/3.0/engine/lib/niftygui/xmlpull-xpp3.jar:E:/NetBeansProjects/clockworkengine/branches/3.0/engine/lib/../test-data/:E:/NetBeansProjects/clockworkengine/branches/3.0/engine/lib/bullet/jME3-bullet-natives.jar:E:/NetBeansProjects/clockworkengine/branches/3.0/engine/lib/jogl/gluegen-rt.jar:E:/NetBeansProjects/clockworkengine/branches/3.0/engine/lib/jogl/joal.jar:E:/NetBeansProjects/clockworkengine/branches/3.0/engine/lib/jogl/jogl-all.jar:E:/NetBeansProjects/clockworkengine/branches/3.0/engine/lib/openal-soft/jME3-openal-soft-natives-android.jar:build/classes:build/core:build/effects:build/networking:build/plugins:build/jogg:build/desktop:build/blender:build/terrain:build/jbullet:build/bullet:build/niftygui:build/lwjgl:build/jogl:build/android:build/ios" />
    <property name="jna.boot.library.name" value="jnidispatch-422" />
    <property name="sun.awt.datatransfer.timeout" value="1000" />
    <property name="libs.jpa2-persistence.maven-pom" value="" />
    <property name="libs.jogl.classpath" value="E:/NetBeansProjects/clockworkengine/branches/3.0/engine/lib/jogl/gluegen-rt.jar:E:/NetBeansProjects/clockworkengine/branches/3.0/engine/lib/jogl/jME3-jogl-natives.jar:E:/NetBeansProjects/clockworkengine/branches/3.0/engine/lib/jogl/jogl.jar" />
    <property name="annotation.processing.enabled.in.editor" value="false" />
    <property name="libs.hibernate4-support.classpath" value="E:\Program Files\NetBeans 8.2\java\modules\ext\hibernate4\antlr-2.7.7.jar;E:\Program Files\NetBeans 8.2\java\modules\ext\hibernate4\c3p0-0.9.2.1.jar;E:\Program Files\NetBeans 8.2\java\modules\ext\hibernate4\hibernate-c3p0-4.3.1.Final.jar;E:\Program Files\NetBeans 8.2\java\modules\ext\hibernate4\mchange-commons-java-0.2.3.4.jar;E:\Program Files\NetBeans 8.2\java\modules\ext\hibernate4\dom4j-1.6.1.jar;E:\Program Files\NetBeans 8.2\java\modules\ext\hibernate4\ehcache-core-2.4.3.jar;E:\Program Files\NetBeans 8.2\java\modules\ext\hibernate4\hibernate-ehcache-4.3.1.Final.jar;E:\Program Files\NetBeans 8.2\java\modules\ext\hibernate4\hibernate-core-4.3.1.Final.jar;E:\Program Files\NetBeans 8.2\java\modules\ext\hibernate4\jboss-logging-3.1.3.GA.jar;E:\Program Files\NetBeans 8.2\java\modules\ext\hibernate4\hibernate-commons-annotations-4.0.4.Final.jar;E:\Program Files\NetBeans 8.2\java\modules\ext\hibernate4\hibernate-entitymanager-4.3.1.Final.jar;E:\Program Files\NetBeans 8.2\java\modules\ext\hibernate4\javassist-3.18.1-GA.jar;E:\Program Files\NetBeans 8.2\java\modules\ext\hibernate4\jboss-transaction-api_1.2_spec-1.0.0.Final.jar;E:\Program Files\NetBeans 8.2\java\modules\ext\hibernate4\slf4j-api-1.6.1.jar;E:\Program Files\NetBeans 8.2\java\modules\ext\hibernate4\slf4j-simple-1.6.1.jar" />
    <property name="nb.native.filechooser" value="false" />
    <property name="helper.file" value="E:\NetBeansProjects\clockworkengine\branches\3.0\engine\helper.txt" />
    <property name="sun.management.compiler" value="HotSpot 64-Bit Tiered Compilers" />
    <property name="ant.file.ClockworkEngine-impl" value="E:\NetBeansProjects\clockworkengine\branches\3.0\engine\nbproject\build-impl.xml" />
    <property name="src.xml.dir" value="src/xml" />
    <property name="javac.deprecation" value="false" />
    <property name="javadoc.use" value="true" />
    <property name="sun.java2d.noddraw" value="true" />
    <property name="javac.processorpath" value="E:/NetBeansProjects/clockworkengine/branches/3.0/engine/lib/jogg/j-ogg-oggd.jar:E:/NetBeansProjects/clockworkengine/branches/3.0/engine/lib/jogg/j-ogg-vorbisd.jar:E:/NetBeansProjects/clockworkengine/branches/3.0/engine/lib/jbullet/jbullet.jar:E:/NetBeansProjects/clockworkengine/branches/3.0/engine/lib/jbullet/stack-alloc.jar:E:/NetBeansProjects/clockworkengine/branches/3.0/engine/lib/jbullet/vecmath.jar:E:/NetBeansProjects/clockworkengine/branches/3.0/engine/lib/lwjgl/lwjgl.jar;E:/NetBeansProjects/clockworkengine/branches/3.0/engine/lib/lwjgl/jME3-lwjgl-natives.jar;E:/NetBeansProjects/clockworkengine/branches/3.0/engine/lib/lwjgl/jinput.jar:E:/NetBeansProjects/clockworkengine/branches/3.0/engine/lib/niftygui/eventbus.jar;E:/NetBeansProjects/clockworkengine/branches/3.0/engine/lib/niftygui/nifty-default-controls.jar;E:/NetBeansProjects/clockworkengine/branches/3.0/engine/lib/niftygui/nifty-examples.jar;E:/NetBeansProjects/clockworkengine/branches/3.0/engine/lib/niftygui/nifty-style-black.jar;E:/NetBeansProjects/clockworkengine/branches/3.0/engine/lib/niftygui/nifty.jar;E:/NetBeansProjects/clockworkengine/branches/3.0/engine/lib/niftygui/jglfont-core.jar;E:/NetBeansProjects/clockworkengine/branches/3.0/engine/lib/niftygui/xmlpull-xpp3.jar:E:/NetBeansProjects/clockworkengine/branches/3.0/engine/lib/../test-data/:E:/NetBeansProjects/clockworkengine/branches/3.0/engine/lib/bullet/jME3-bullet-natives.jar:E:/NetBeansProjects/clockworkengine/branches/3.0/engine/lib/jogl/gluegen-rt.jar:E:/NetBeansProjects/clockworkengine/branches/3.0/engine/lib/jogl/joal.jar:E:/NetBeansProjects/clockworkengine/branches/3.0/engine/lib/jogl/jogl-all.jar:E:/NetBeansProjects/clockworkengine/branches/3.0/engine/lib/openal-soft/jME3-openal-soft-natives-android.jar" />
    <property name="libs.hamcrest.maven-pom" value="" />
    <property name="javac.compilerargs" value="" />
    <property name="ant.file" value="E:\NetBeansProjects\clockworkengine\branches\3.0\engine\build.xml" />
    <property name="libs.beans-binding.maven-pom" value="" />
    <property name="jnlp.codebase.type" value="user" />
    <property name="src.terrain.dir" value="src/terrain" />
    <property name="libs.hibernate4-support.javadoc" value="E:\Program Files\NetBeans 8.2\java\modules\ext\docs\javax.persistence-2.1.0-doc.zip" />
    <property name="libs.beans-binding.src" value="" />
    <property name="java.vm.specification.vendor" value="Oracle Corporation" />
    <property name="libs.swing-layout.src" value="E:/NetBeansProjects/clockworkengine/branches/3.0/engine/lib/swing-layout/swing-layout-1.0.4-src.zip" />
    <property name="org.openide.major.version" value="IDE/1" />
    <property name="ant.file.ClockworkEngine" value="E:\NetBeansProjects\clockworkengine\branches\3.0\engine\build.xml" />
    <property name="java.vm.name" value="Java HotSpot(TM) 64-Bit Server VM" />
    <property name="netbeans.user" value="C:\Users\Alex SSD\AppData\Roaming\NetBeans\8.2" />
    <property name="javadoc.additionalparam" value="-protected" />
    <property name="jnlp.offline-allowed" value="true" />
    <property name="java.io.tmpdir" value="C:\Users\ALEXSS~1\AppData\Local\Temp\" />
    <property name="java.vendor.url" value="http://java.oracle.com/" />
    <property name="file.reference.src-test-data" value="src/test-data" />
    <property name="endorsed.classpath.cmd.line.arg" value="" />
    <property name="jna.loaded" value="true" />
    <property name="junit.available" value="true" />
    <property name="libraries.basename" value="nblibraries" />
    <property name="libs.jheora.classpath" value="E:/NetBeansProjects/clockworkengine/branches/3.0/engine/lib/jheora/jheora-jst-debug-0.6.0.jar" />
    <property name="org.openide.awt.ActionReference.completion" value="org.netbeans.modules.apisupport.project.layers.PathCompletions" />
    <property name="sun.boot.library.path" value="C:\Program Files\Java\jdk1.8.0_77\jre\bin" />
    <property name="have.sources" value="true" />
    <property name="libs.hamcrest.javadoc" value="" />
    <property name="debug.classpath" value="E:/NetBeansProjects/clockworkengine/branches/3.0/engine/lib/jogg/j-ogg-oggd.jar:E:/NetBeansProjects/clockworkengine/branches/3.0/engine/lib/jogg/j-ogg-vorbisd.jar:E:/NetBeansProjects/clockworkengine/branches/3.0/engine/lib/jbullet/jbullet.jar:E:/NetBeansProjects/clockworkengine/branches/3.0/engine/lib/jbullet/stack-alloc.jar:E:/NetBeansProjects/clockworkengine/branches/3.0/engine/lib/jbullet/vecmath.jar:E:/NetBeansProjects/clockworkengine/branches/3.0/engine/lib/lwjgl/lwjgl.jar;E:/NetBeansProjects/clockworkengine/branches/3.0/engine/lib/lwjgl/jME3-lwjgl-natives.jar;E:/NetBeansProjects/clockworkengine/branches/3.0/engine/lib/lwjgl/jinput.jar:E:/NetBeansProjects/clockworkengine/branches/3.0/engine/lib/niftygui/eventbus.jar;E:/NetBeansProjects/clockworkengine/branches/3.0/engine/lib/niftygui/nifty-default-controls.jar;E:/NetBeansProjects/clockworkengine/branches/3.0/engine/lib/niftygui/nifty-examples.jar;E:/NetBeansProjects/clockworkengine/branches/3.0/engine/lib/niftygui/nifty-style-black.jar;E:/NetBeansProjects/clockworkengine/branches/3.0/engine/lib/niftygui/nifty.jar;E:/NetBeansProjects/clockworkengine/branches/3.0/engine/lib/niftygui/jglfont-core.jar;E:/NetBeansProjects/clockworkengine/branches/3.0/engine/lib/niftygui/xmlpull-xpp3.jar:E:/NetBeansProjects/clockworkengine/branches/3.0/engine/lib/../test-data/:E:/NetBeansProjects/clockworkengine/branches/3.0/engine/lib/bullet/jME3-bullet-natives.jar:E:/NetBeansProjects/clockworkengine/branches/3.0/engine/lib/jogl/gluegen-rt.jar:E:/NetBeansProjects/clockworkengine/branches/3.0/engine/lib/jogl/joal.jar:E:/NetBeansProjects/clockworkengine/branches/3.0/engine/lib/jogl/jogl-all.jar:E:/NetBeansProjects/clockworkengine/branches/3.0/engine/lib/openal-soft/jME3-openal-soft-natives-android.jar:build/classes:build/core:build/effects:build/networking:build/plugins:build/jogg:build/desktop:build/blender:build/terrain:build/jbullet:build/bullet:build/niftygui:build/lwjgl:build/jogl:build/android:build/ios" />
    <property name="javac.external.vm" value="false" />
    <property name="javadoc.private" value="false" />
    <property name="src.lwjgl.dir" value="src/lwjgl" />
    <property name="ap.processors.internal" value="" />
    <property name="meta.inf.dir" value="${src.dir}/META-INF" />
    <property name="javadoc.encoding.used" value="UTF-8" />
    <property name="jnlp.dest.dir" value="E:\NetBeansProjects\clockworkengine\branches\3.0\engine\dist" />
    <property name="dist.jar" value="dist/ClockworkEngine.jar" />
    <property name="libs.spring-framework400.maven-pom" value="" />
    <property name="libs.EasyMock.classpath" value="E:/NetBeansProjects/clockworkengine/branches/3.0/engine/lib/EasyMock/easymock-3.1.jar:E:/NetBeansProjects/clockworkengine/branches/3.0/engine/lib/EasyMock/objenesis-1.3.jar:E:/NetBeansProjects/clockworkengine/branches/3.0/engine/lib/EasyMock/cglib-nodep-2.2.3.jar" />
    <property name="java.runtime.name" value="Java(TM) SE Runtime Environment" />
    <property name="ant.project.name" value="ClockworkEngine" />
    <property name="src.blender.dir" value="src/blender" />
    <property name="file.reference.build-terrain" value="build/terrain" />
    <property name="file.reference.build-bullet" value="build/bullet" />
    <property name="netbeans.hash.code" value="unique=NB_EXTIDE_JAVA02f9e2d8f-ab31-4807-8d0c-320820f2c6e6_380095b1-cde8-4a92-86a8-1e14cc4e3ae5" />
    <property name="netbeans.default_userdir_root" value="C:\Users\Alex SSD\AppData\Roaming\NetBeans" />
    <property name="sun.cpu.isalist" value="amd64" />
    <property name="libs.spring-framework400.javadoc" value="" />
    <property name="libs.CopyLibs.javadoc" value="" />
    <property name="org.openide.specification.version" value="6.2" />
    <property name="jnlp.codebase.user" value="" />
    <property name="user.home" value="C:\Users\Alex SSD" />
    <property name="annotation.processing.processors.list" value="" />
    <property name="debug-args-line" value="-Xdebug" />
    <property name="libs.JWSAntTasks.src" value="" />
    <property name="jar.index" value="false" />
    <property name="libs.CopyLibs.maven-pom" value="" />
    <property name="src.jogl.dir" value="src/jogl" />
    <property name="libs.spring-framework300.javadoc" value="" />
    <property name="libs.absolutelayout.javadoc" value="" />
    <property name="java.specification.name" value="Java Platform API Specification" />
    <property name="file.reference.build-jogl" value="build/jogl" />
    <property name="libs.CopyLibs.prop-version" value="2.0" />
    <property name="libraries.dir" value="E:/NetBeansProjects/clockworkengine/branches/3.0/engine/lib" />
    <property name="do.archive+main.class.available" value="true" />
    <property name="file.reference.build-jogg" value="build/jogg" />
    <property name="jnlp.mixed.code" value="default" />
    <property name="java.specification.vendor" value="Oracle Corporation" />
    <property name="libs.javac-api.classpath" value="E:\Program Files\NetBeans 8.2\java\modules\ext\nb-javac-api.jar" />
    <property name="java.version" value="1.8.0_77" />
    <property name="ant.file.type.ClockworkEngine" value="file" />
    <property name="run.jvmargs.ide" value="" />
    <property name="javadoc.version" value="false" />
    <property name="libs.MySQLDriver.javadoc" value="" />
    <property name="src.bullet.dir" value="src/bullet" />
    <property name="org.openide.version" value="deprecated" />
    <property name="platform.java" value="C:\Program Files\Java\jdk1.8.0_77\jre/bin/java" />
    <property name="source.encoding" value="UTF-8" />
    <property name="ap.cmd.line.internal" value="" />
    <property name="libs.eclipselinkmodelgen.maven-pom" value="" />
    <property name="libs.eclipselinkmodelgen.javadoc" value="" />
    <property name="netbeans.home+have.tests" value="true" />
    <property name="annotation.processing.processor.options" value="" />
    <property name="libs.testng.maven-pom" value="" />
    <property name="libs.jaxb.src" value="" />
    <property name="jdk.launcher.addexports.5" value="java.management/sun.management=ALL-UNNAMED" />
    <property name="jdk.launcher.addexports.4" value="java.desktop/com.sun.java.swing.plaf.windows=ALL-UNNAMED" />
    <property name="work.dir" value="E:\NetBeansProjects\clockworkengine\branches\3.0\engine" />
    <property name="jdk.launcher.addexports.3" value="java.desktop/sun.awt.im=ALL-UNNAMED" />
    <property name="libs.jaxb.classpath" value="E:\Program Files\NetBeans 8.2\ide\modules\ext\jaxb\jaxb-impl.jar;E:\Program Files\NetBeans 8.2\ide\modules\ext\jaxb\jaxb-xjc.jar;E:\Program Files\NetBeans 8.2\ide\modules\ext\jaxb\jaxb1-impl.jar;E:\Program Files\NetBeans 8.2\ide\modules\ext\jaxb\activation.jar;E:\Program Files\NetBeans 8.2\ide\modules\ext\jaxb\api\jaxb-api.jar;E:\Program Files\NetBeans 8.2\ide\modules\ext\jaxb\api\jsr173_1.0_api.jar" />
    <property name="jdk.launcher.addexports.2" value="java.desktop/java.awt.peer=ALL-UNNAMED" />
    <property name="jdk.launcher.addexports.1" value="java.base/jdk.internal.jrtfs=ALL-UNNAMED" />
    <property name="jdk.launcher.addexports.0" value="java.desktop/sun.awt=ALL-UNNAMED" />
    <property name="file.reference.build-niftygui" value="build/niftygui" />
    <property name="do.depend" value="false" />
    <property name="dist.javadoc.dir" value="dist/javadoc" />
    <property name="libs.swing-layout.classpath" value="E:/NetBeansProjects/clockworkengine/branches/3.0/engine/lib/swing-layout/swing-layout-1.0.4.jar" />
    <property name="javac.source" value="1.8" />
    <property name="build.generated.dir" value="build/generated" />
    <property name="line.separator" value="&#xd;&#xa;" />
    <property name="java.specification.version" value="1.8" />
    <property name="libraries.path" value="E:\NetBeansProjects\clockworkengine\branches\3.0\engine\lib\nblibraries.properties" />
    <property name="java.vm.info" value="mixed mode" />
    <property name="libs.jaxws21.maven-pom" value="" />
    <property name="nb.junit.batch" value="true" />
    <property name="manifest.custom.caller.allowable.codebase" value="" />
    <property name="junit.forkmode" value="perTest" />
    <property name="file.reference.build-desktop" value="build/desktop" />
    <property name="file.reference.build-networking" value="build/networking" />
    <property name="sun.boot.class.path" value="C:\Program Files\Java\jdk1.8.0_77\jre\lib\resources.jar;C:\Program Files\Java\jdk1.8.0_77\jre\lib\rt.jar;C:\Program Files\Java\jdk1.8.0_77\jre\lib\sunrsasign.jar;C:\Program Files\Java\jdk1.8.0_77\jre\lib\jsse.jar;C:\Program Files\Java\jdk1.8.0_77\jre\lib\jce.jar;C:\Program Files\Java\jdk1.8.0_77\jre\lib\charsets.jar;C:\Program Files\Java\jdk1.8.0_77\jre\lib\jfr.jar;C:\Program Files\Java\jdk1.8.0_77\jre\classes" />
    <property name="libs.lwjgl.classpath" value="E:/NetBeansProjects/clockworkengine/branches/3.0/engine/lib/lwjgl/lwjgl.jar;E:/NetBeansProjects/clockworkengine/branches/3.0/engine/lib/lwjgl/jME3-lwjgl-natives.jar;E:/NetBeansProjects/clockworkengine/branches/3.0/engine/lib/lwjgl/jinput.jar" />
    <property name="javac.target" value="1.8" />
    <property name="built-jar.properties" value="E:\NetBeansProjects\clockworkengine\branches\3.0\engine\build\built-jar.properties" />
    <property name="build.test.classes.dir" value="build/test/classes" />
    <property name="sun.awt.keepWorkingSetOnMinimize" value="true" />
    <property name="libs.jpa2-persistence.src" value="" />
    <property name="annotation.processing.enabled" value="false" />
    <property name="libs.jpa20-persistence.src" value="" />
    <property name="nbplatform.default.netbeans.dest.dir" value="E:\Program Files\NetBeans 8.2" />
    <property name="file.reference.build-jbullet" value="build/jbullet" />
    <property name="ignore.failing.tests" value="true" />
    <property name="src.bullet-common.dir" value="src/bullet-common" />
    <property name="jaxbwiz.endorsed.dirs" value="&quot;E:\Program Files\NetBeans 8.2\platform/../ide12/modules/ext/jaxb/api&quot;" />
    <property name="dist.dir" value="dist" />
    <property name="src.core-effects.dir" value="src/core-effects" />
    <property name="testng.debug.mode" value="" />
    <property name="javac.fork" value="false" />
    <property name="java.awt.printerjob" value="sun.awt.windows.WPrinterJob" />
    <property name="default.javac.source" value="1.8" />
    <property name="debug-transport-by-os" value="dt_shmem" />
    <property name="sun.jnu.encoding" value="Cp1252" />
    <property name="libs.MySQLDriver.src" value="" />
    <property name="java.runtime.version" value="1.8.0_77-b03" />
    <property name="build.test.results.dir" value="build/test/results" />
    <property name="libs.openalsoft.classpath" value="E:/NetBeansProjects/clockworkengine/branches/3.0/engine/lib/openal-soft/jME3-openal-soft-natives-android.jar" />
    <property name="default.javac.target" value="1.8" />
    <property name="libs.junit_4.classpath" value="E:/NetBeansProjects/clockworkengine/branches/3.0/engine/lib/junit_4/junit-4.5.jar" />
    <property name="user.timezone" value="" />
    <property name="nb.junit.single" value="false" />
    <property name="do.jar" value="true" />
    <property name="application.homepage" value="" />
    <property name="netbeans.dirs" value="E:\Program Files\NetBeans 8.2\nb;E:\Program Files\NetBeans 8.2\ergonomics;E:\Program Files\NetBeans 8.2\ide;E:\Program Files\NetBeans 8.2\extide;E:\Program Files\NetBeans 8.2\java;E:\Program Files\NetBeans 8.2\apisupport;E:\Program Files\NetBeans 8.2\webcommon;E:\Program Files\NetBeans 8.2\websvccommon;E:\Program Files\NetBeans 8.2\enterprise;E:\Program Files\NetBeans 8.2\mobility;E:\Program Files\NetBeans 8.2\profiler;E:\Program Files\NetBeans 8.2\python;E:\Program Files\NetBeans 8.2\php;E:\Program Files\NetBeans 8.2\identity;E:\Program Files\NetBeans 8.2\harness;E:\Program Files\NetBeans 8.2\cnd;E:\Program Files\NetBeans 8.2\cndext;E:\Program Files\NetBeans 8.2\dlight;E:\Program Files\NetBeans 8.2\groovy;E:\Program Files\NetBeans 8.2\extra;E:\Program Files\NetBeans 8.2\javacard;E:\Program Files\NetBeans 8.2\javafx" />
    <property name="java.ext.dirs" value="C:\Program Files\Java\jdk1.8.0_77\jre\lib\ext;C:\Windows\Sun\Java\lib\ext" />
    <property name="endorsed.classpath" value="" />
    <property name="libs.absolutelayout.classpath" value="E:\Program Files\NetBeans 8.2\java\modules\ext\AbsoluteLayout.jar" />
    <property name="excludes" value="" />
    <property name="libs.jpa2-persistence.javadoc" value="E:\Program Files\NetBeans 8.2\java\modules\ext\docs\javax.persistence-2.1.0-doc.zip" />
    <property name="apple.laf.useScreenMenuBar" value="true" />
    <property name="java.class.path" value="E:\NetBeansProjects\clockworkengine\branches\3.0\engine\lib\junit_4\junit-4.5.jar;E:\NetBeansProjects\clockworkengine\branches\3.0\engine\lib\EasyMock\easymock-3.1.jar;E:\NetBeansProjects\clockworkengine\branches\3.0\engine\lib\EasyMock\objenesis-1.3.jar;E:\NetBeansProjects\clockworkengine\branches\3.0\engine\lib\EasyMock\cglib-nodep-2.2.3.jar;E:\NetBeansProjects\clockworkengine\branches\3.0\engine\lib\jogg\j-ogg-oggd.jar;E:\NetBeansProjects\clockworkengine\branches\3.0\engine\lib\jogg\j-ogg-vorbisd.jar;E:\NetBeansProjects\clockworkengine\branches\3.0\engine\lib\jbullet\jbullet.jar;E:\NetBeansProjects\clockworkengine\branches\3.0\engine\lib\jbullet\stack-alloc.jar;E:\NetBeansProjects\clockworkengine\branches\3.0\engine\lib\jbullet\vecmath.jar;E:\NetBeansProjects\clockworkengine\branches\3.0\engine\lib\lwjgl\lwjgl.jar;E:\NetBeansProjects\clockworkengine\branches\3.0\engine\lib\lwjgl\jME3-lwjgl-natives.jar;E:\NetBeansProjects\clockworkengine\branches\3.0\engine\lib\lwjgl\jinput.jar;E:\NetBeansProjects\clockworkengine\branches\3.0\engine\lib\niftygui\eventbus.jar;E:\NetBeansProjects\clockworkengine\branches\3.0\engine\lib\niftygui\nifty-default-controls.jar;E:\NetBeansProjects\clockworkengine\branches\3.0\engine\lib\niftygui\nifty-examples.jar;E:\NetBeansProjects\clockworkengine\branches\3.0\engine\lib\niftygui\nifty-style-black.jar;E:\NetBeansProjects\clockworkengine\branches\3.0\engine\lib\niftygui\nifty.jar;E:\NetBeansProjects\clockworkengine\branches\3.0\engine\lib\niftygui\jglfont-core.jar;E:\NetBeansProjects\clockworkengine\branches\3.0\engine\lib\niftygui\xmlpull-xpp3.jar;E:\NetBeansProjects\clockworkengine\branches\3.0\engine\test-data;E:\NetBeansProjects\clockworkengine\branches\3.0\engine\lib\bullet\jME3-bullet-natives.jar;E:\NetBeansProjects\clockworkengine\branches\3.0\engine\lib\jogl\gluegen-rt.jar;E:\NetBeansProjects\clockworkengine\branches\3.0\engine\lib\jogl\joal.jar;E:\NetBeansProjects\clockworkengine\branches\3.0\engine\lib\jogl\jogl-all.jar;E:\NetBeansProjects\clockworkengine\branches\3.0\engine\lib\openal-soft\jME3-openal-soft-natives-android.jar;E:\NetBeansProjects\clockworkengine\branches\3.0\engine\build\android;E:\NetBeansProjects\clockworkengine\branches\3.0\engine\build\blender;E:\NetBeansProjects\clockworkengine\branches\3.0\engine\build\bullet;E:\NetBeansProjects\clockworkengine\branches\3.0\engine\build\classes;E:\NetBeansProjects\clockworkengine\branches\3.0\engine\build\core;E:\NetBeansProjects\clockworkengine\branches\3.0\engine\build\desktop;E:\NetBeansProjects\clockworkengine\branches\3.0\engine\build\effects;E:\NetBeansProjects\clockworkengine\branches\3.0\engine\build\empty;E:\NetBeansProjects\clockworkengine\branches\3.0\engine\build\ios;E:\NetBeansProjects\clockworkengine\branches\3.0\engine\build\jbullet;E:\NetBeansProjects\clockworkengine\branches\3.0\engine\build\jogg;E:\NetBeansProjects\clockworkengine\branches\3.0\engine\build\jogl;E:\NetBeansProjects\clockworkengine\branches\3.0\engine\build\lwjgl;E:\NetBeansProjects\clockworkengine\branches\3.0\engine\build\networking;E:\NetBeansProjects\clockworkengine\branches\3.0\engine\build\niftygui;E:\NetBeansProjects\clockworkengine\branches\3.0\engine\build\plugins;E:\NetBeansProjects\clockworkengine\branches\3.0\engine\build\terrain;E:\NetBeansProjects\clockworkengine\branches\3.0\engine\build\test\classes;E:\Program Files\NetBeans 8.2\extide\ant\lib\ant-launcher.jar;E:\Program Files\NetBeans 8.2\extide\ant\lib\ant.jar;E:\Program Files\NetBeans 8.2\extide\ant\lib\ant-junit.jar;E:\Program Files\NetBeans 8.2\extide\ant\lib\ant-junit4.jar" />
    <property name="do.mkdist" value="true" />
    <property name="libs.absolutelayout.src" value="" />
    <property name="libs.jpa20-persistence.classpath" value="E:\Program Files\NetBeans 8.2\java\modules\ext\eclipselink\javax.persistence_2.1.0.v201304241213.jar" />
    <property name="os.version" value="6.1" />
    <property name="application.args" value="" />
    <property name="src.core-plugins.dir" value="src/core-plugins" />
    <property name="src.niftygui.dir" value="src/niftygui" />
    <property name="manifest.custom.permissions" value="" />
    <property name="main.class.available" value="true" />
    <property name="sun.awt.enableExtraMouseButtons" value="true" />
    <property name="sun.desktop" value="windows" />
    <property name="platforms.JDK_1.8_USBDRIVE.home" value="F:\NetBeans 8.2\jdk1.8.0_77" />
    <property name="libs.hibernate4-persistence.src" value="" />
    <property name="ant.file.type.ClockworkEngine-impl" value="file" />
    <property name="auxiliary.org-netbeans-spi-editor-hints-projects.perProjectHintSettingsFile" value="nbproject/cfg_hints.xml" />
    <property name="libs.hibernate4-support.maven-pom" value="" />
    <property name="libs.JAXB-ENDORSED.classpath" value="E:\Program Files\NetBeans 8.2\ide\modules\ext\jaxb\api\jaxb-api.jar" />
    <property name="nb.internal.action.name" value="test" />
    <property name="libs.eclipselink.classpath" value="E:\Program Files\NetBeans 8.2\java\modules\ext\eclipselink\eclipselink.jar;E:\Program Files\NetBeans 8.2\java\modules\ext\eclipselink\javax.persistence_2.1.0.v201304241213.jar;E:\Program Files\NetBeans 8.2\java\modules\ext\eclipselink\org.eclipse.persistence.jpa.jpql_2.5.2.v20140319-9ad6abd.jar" />
    <property name="libs.beans-binding.javadoc" value="E:\Program Files\NetBeans 8.2\java\docs\beansbinding-1.2.1-doc.zip" />
    <property name="java.awt.graphicsenv" value="sun.awt.Win32GraphicsEnvironment" />
    <property name="java.vm.vendor" value="Oracle Corporation" />
    <property name="libs.CopyLibs.classpath" value="E:/NetBeansProjects/clockworkengine/branches/3.0/engine/lib/CopyLibs/org-netbeans-modules-java-j2seproject-copylibstask.jar" />
    <property name="libs.spring-framework300.classpath" value="E:\Program Files\NetBeans 8.2\ide\modules\org-apache-commons-logging.jar;E:\Program Files\NetBeans 8.2\java\modules\ext\cglib-2.2.jar;E:\Program Files\NetBeans 8.2\java\modules\ext\spring-3.0\spring-aop-3.2.7.RELEASE.jar;E:\Program Files\NetBeans 8.2\java\modules\ext\spring-3.0\spring-aspects-3.2.7.RELEASE.jar;E:\Program Files\NetBeans 8.2\java\modules\ext\spring-3.0\spring-beans-3.2.7.RELEASE.jar;E:\Program Files\NetBeans 8.2\java\modules\ext\spring-3.0\spring-build-src-3.2.7.RELEASE.jar;E:\Program Files\NetBeans 8.2\java\modules\ext\spring-3.0\spring-context-3.2.7.RELEASE.jar;E:\Program Files\NetBeans 8.2\java\modules\ext\spring-3.0\spring-context-support-3.2.7.RELEASE.jar;E:\Program Files\NetBeans 8.2\java\modules\ext\spring-3.0\spring-core-3.2.7.RELEASE.jar;E:\Program Files\NetBeans 8.2\java\modules\ext\spring-3.0\spring-expression-3.2.7.RELEASE.jar;E:\Program Files\NetBeans 8.2\java\modules\ext\spring-3.0\spring-framework-bom-3.2.7.RELEASE.jar;E:\Program Files\NetBeans 8.2\java\modules\ext\spring-3.0\spring-instrument-3.2.7.RELEASE.jar;E:\Program Files\NetBeans 8.2\java\modules\ext\spring-3.0\spring-instrument-tomcat-3.2.7.RELEASE.jar;E:\Program Files\NetBeans 8.2\java\modules\ext\spring-3.0\spring-jdbc-3.2.7.RELEASE.jar;E:\Program Files\NetBeans 8.2\java\modules\ext\spring-3.0\spring-jms-3.2.7.RELEASE.jar;E:\Program Files\NetBeans 8.2\java\modules\ext\spring-3.0\spring-orm-3.2.7.RELEASE.jar;E:\Program Files\NetBeans 8.2\java\modules\ext\spring-3.0\spring-oxm-3.2.7.RELEASE.jar;E:\Program Files\NetBeans 8.2\java\modules\ext\spring-3.0\spring-struts-3.2.7.RELEASE.jar;E:\Program Files\NetBeans 8.2\java\modules\ext\spring-3.0\spring-test-3.2.7.RELEASE.jar;E:\Program Files\NetBeans 8.2\java\modules\ext\spring-3.0\spring-tx-3.2.7.RELEASE.jar;E:\Program Files\NetBeans 8.2\java\modules\ext\spring-3.0\spring-web-3.2.7.RELEASE.jar;E:\Program Files\NetBeans 8.2\java\modules\ext\spring-3.0\spring-webmvc-3.2.7.RELEASE.jar;E:\Program Files\NetBeans 8.2\java\modules\ext\spring-3.0\spring-webmvc-portlet-3.2.7.RELEASE.jar" />
    <property name="libs.hamcrest.src" value="" />
    <property name="run.jvmargs" value="-Xms128m -Xmx128m -XX:MaxDirectMemorySize=256M" />
    <property name="libs.hibernate4-persistence.classpath" value="E:\Program Files\NetBeans 8.2\java\modules\ext\hibernate4\antlr-2.7.7.jar;E:\Program Files\NetBeans 8.2\java\modules\ext\hibernate4\c3p0-0.9.2.1.jar;E:\Program Files\NetBeans 8.2\java\modules\ext\hibernate4\hibernate-c3p0-4.3.1.Final.jar;E:\Program Files\NetBeans 8.2\java\modules\ext\hibernate4\mchange-commons-java-0.2.3.4.jar;E:\Program Files\NetBeans 8.2\java\modules\ext\hibernate4\dom4j-1.6.1.jar;E:\Program Files\NetBeans 8.2\java\modules\ext\hibernate4\ehcache-core-2.4.3.jar;E:\Program Files\NetBeans 8.2\java\modules\ext\hibernate4\hibernate-ehcache-4.3.1.Final.jar;E:\Program Files\NetBeans 8.2\java\modules\ext\hibernate4\hibernate-core-4.3.1.Final.jar;E:\Program Files\NetBeans 8.2\java\modules\ext\hibernate4\jboss-logging-3.1.3.GA.jar;E:\Program Files\NetBeans 8.2\java\modules\ext\hibernate4\hibernate-commons-annotations-4.0.4.Final.jar;E:\Program Files\NetBeans 8.2\java\modules\ext\hibernate4\hibernate-entitymanager-4.3.1.Final.jar;E:\Program Files\NetBeans 8.2\java\modules\ext\hibernate4\javassist-3.18.1-GA.jar;E:\Program Files\NetBeans 8.2\java\modules\ext\hibernate4\jboss-transaction-api_1.2_spec-1.0.0.Final.jar;E:\Program Files\NetBeans 8.2\java\modules\ext\hibernate4\slf4j-api-1.6.1.jar;E:\Program Files\NetBeans 8.2\java\modules\ext\hibernate4\slf4j-simple-1.6.1.jar;E:\Program Files\NetBeans 8.2\java\modules\ext\hibernate4\hibernate-jpa-2.1-api-1.0.0.Final.jar" />
    <property name="libs.JAXB-ENDORSED.src" value="" />
    <property name="libs.testng.javadoc" value="E:\Program Files\NetBeans 8.2\platform\docs\testng-6.8.1-javadoc.zip" />
    <property name="libs.PostgreSQLDriver.classpath" value="E:\Program Files\NetBeans 8.2\ide\modules\ext\postgresql-9.4.1209.jar" />
    <property name="user.script" value="" />
    <property name="jnlp.signing" value="generated" />
    <property name="libs.hibernate4-persistencemodelgen.classpath" value="E:\Program Files\NetBeans 8.2\java\modules\ext\hibernate4\hibernate-jpamodelgen-4.3.1.Final.jar" />
    <property name="jnlp.signed" value="true" />
    <property name="main.class" value="com.clockwork.game.TestCharacter" />
    <property name="libs.CopyLibs.displayName" value="CopyLibs Task" />
    <property name="libs.CopyLibs.src" value="" />
    <property name="jnlp.applet.class" value="clockworktest.awt.AppHarness" />
    <property name="build.dir" value="build" />
    <property name="ant.version" value="Apache Ant(TM) version 1.9.7 compiled on April 9 2016" />
    <property name="file.encoding" value="Cp1252" />
    <property name="build.classes.excludes" value="**/*.java,**/*.form,**/*.m" />
    <property name="jdkBug6558476" value="false" />
    <property name="javadoc.nonavbar" value="false" />
    <property name="platform.active" value="default_platform" />
    <property name="awt.toolkit" value="sun.awt.windows.WToolkit" />
  </properties>
  <testcase classname="com.clockwork.scene.GeometryTest" name="testSetMesh" time="0.027" />
  <testcase classname="com.clockwork.scene.GeometryTest" name="testSetMaterial" time="0.007" />
  <testcase classname="com.clockwork.scene.GeometryTest" name="testSetMeshNull" time="0.001" />
  <testcase classname="com.clockwork.scene.GeometryTest" name="testSetLodLevel" time="0.003" />
  <testcase classname="com.clockwork.scene.GeometryTest" name="testConstructorName" time="0.0" />
  <testcase classname="com.clockwork.scene.GeometryTest" name="testSetLodLevelLodLessZero" time="0.001" />
  <testcase classname="com.clockwork.scene.GeometryTest" name="testConstructorNameNull" time="0.0" />
  <testcase classname="com.clockwork.scene.GeometryTest" name="testConstructorNameMeshNullMesh" time="0.0" />
  <testcase classname="com.clockwork.scene.GeometryTest" name="testConstructorNameMesh" time="0.0" />
  <testcase classname="com.clockwork.scene.GeometryTest" name="testSetLodLevelMeshLodZero" time="0.0" />
  <testcase classname="com.clockwork.scene.GeometryTest" name="testSetLodLevelLodGreaterMeshLod" time="0.0" />
  <testcase classname="com.clockwork.scene.GeometryTest" name="testSetMeshBatched" time="0.003" />
  <testcase classname="com.clockwork.scene.GeometryTest" name="testSetMaterialBatched" time="0.0" />
  <testcase classname="com.clockwork.scene.GeometryTest" name="testUpdateModelBound" time="0.111" />
  <testcase classname="com.clockwork.scene.GeometryTest" name="testUpdateWorldBoundNoMesh" time="0.0" />
  <testcase classname="com.clockwork.scene.GeometryTest" name="testUpdateWorlBoundTransform" time="0.01" />
  <testcase classname="com.clockwork.scene.GeometryTest" name="testUpdateWorlBoundNoBoundingVolume" time="0.0" />
  <testcase classname="com.clockwork.scene.GeometryTest" name="testUpdateWorlBoundIgnoreTransform" time="0.001" />
  <system-out><![CDATA[]]></system-out>
  <system-err><![CDATA[]]></system-err>
</testsuite>
